<?xml version="1.0" encoding="UTF-8"?>
<!-- Generated by org.testng.reporters.JUnitReportReporter -->
<testsuite hostname="ABHINAV" failures="0" tests="1" name="scripts.Testcase2" time="0.004" errors="0" timestamp="2022-12-28T12:15:22 IST" skipped="0">
  <testcase classname="scripts.Testcase2" name="demo" time="0.004"/>
  <system-out>
    <![CDATA[hello selenium]]>
  </system-out>
</testsuite> <!-- scripts.Testcase2 -->
