<?xml version="1.0" encoding="UTF-8"?>
<!-- Generated by org.testng.reporters.JUnitReportReporter -->
<testsuite hostname="ABHINAV" failures="0" tests="1" name="scripts.Testcase1" time="0.032" errors="0" timestamp="2023-01-05T11:50:28 IST" skipped="0">
  <testcase classname="scripts.Testcase1" name="demo" time="0.032"/>
  <system-out>
    <![CDATA[hello java]]>
  </system-out>
</testsuite> <!-- scripts.Testcase1 -->
